<?xml version="1.0" encoding="UTF-8"?>
<!-- Generated by org.testng.reporters.JUnitXMLReporter -->
<testsuite ignored="0" hostname="DESKTOP-BT8PEPN" failures="1" tests="1" name="Test" time="23.415" errors="0" timestamp="2023-02-17T14:07:22 IST">
  <testcase classname="testNgListnerdemo.ListnerDemo" name="login" time="1.197">
    <failure type="java.lang.AssertionError" message="expected [true] but found [false]">
      <![CDATA[java.lang.AssertionError: expected [true] but found [false]
at testNgListnerdemo.ListnerDemo.login(ListnerDemo.java:22)
at java.base/java.util.ArrayList.forEach(ArrayList.java:1511)
... Removed 31 stack frames]]>
    </failure>
  </testcase> <!-- login -->
</testsuite> <!-- Test -->
