<?xml version="1.0" encoding="UTF-8"?>
<testng-results ignored="0" total="1" passed="1" failed="0" skipped="0">
  <reporter-output>
  </reporter-output>
  <suite started-at="2023-02-19T11:28:33 IST" name="Default suite" finished-at="2023-02-19T11:29:09 IST" duration-ms="36085">
    <groups>
    </groups>
    <test started-at="2023-02-19T11:28:33 IST" name="Default test" finished-at="2023-02-19T11:29:09 IST" duration-ms="36085">
      <class name="seleniumListeners.Register">
        <test-method is-config="true" signature="setup()[pri:0, instance:seleniumListeners.Register@3f4faf53]" started-at="2023-02-19T11:28:33 IST" name="setup" finished-at="2023-02-19T11:28:35 IST" duration-ms="1986" status="PASS">
          <reporter-output>
          </reporter-output>
        </test-method> <!-- setup -->
        <test-method signature="register()[pri:0, instance:seleniumListeners.Register@3f4faf53]" started-at="2023-02-19T11:28:35 IST" name="register" finished-at="2023-02-19T11:29:09 IST" duration-ms="33819" status="PASS">
          <reporter-output>
          </reporter-output>
        </test-method> <!-- register -->
        <test-method is-config="true" signature="teardown()[pri:0, instance:seleniumListeners.Register@3f4faf53]" started-at="2023-02-19T11:29:09 IST" name="teardown" finished-at="2023-02-19T11:29:09 IST" duration-ms="212" status="PASS">
          <reporter-output>
          </reporter-output>
        </test-method> <!-- teardown -->
      </class> <!-- seleniumListeners.Register -->
    </test> <!-- Default test -->
  </suite> <!-- Default suite -->
</testng-results>
